<?xml version="1.0" encoding="UTF-8"?>
<!-- Generated by org.testng.reporters.JUnitReportReporter -->
<testsuite hostname="nblap247" name="com.unimoni.tests.HomeTest" tests="1" failures="0" timestamp="25 Sep 2019 14:32:06 GMT" time="4.899" errors="0">
  <testcase name="clickOnNewCustomer" time="4.899" classname="com.unimoni.tests.HomeTest"/>
</testsuite> <!-- com.unimoni.tests.HomeTest -->
