<?xml version="1.0" encoding="UTF-8"?>
<!-- Generated by org.testng.reporters.JUnitReportReporter -->
<testsuite hostname="nblap247" name="com.unimoni.tests.LoginTest" tests="1" failures="0" timestamp="25 Sep 2019 14:31:38 GMT" time="9.970" errors="0">
  <testcase name="login" time="9.970" classname="com.unimoni.tests.LoginTest"/>
</testsuite> <!-- com.unimoni.tests.LoginTest -->
